\BOOKMARK [1][-]{section.1}{\376\377\000I\000n\000t\000r\000o\000d\000u\000c\000t\000i\000o\000n}{}% 1
\BOOKMARK [1][-]{section.2}{\376\377\0002\000x\0004\000\040\000S\000h\000i\000f\000t\000\040\000C\000i\000r\000c\000u\000i\000t}{}% 2
\BOOKMARK [2][-]{subsection.2.1}{\376\377\000S\000h\000i\000f\000t\000\040\000C\000i\000r\000c\000u\000i\000t\000\040\000V\000e\000r\000i\000l\000o\000g\000\040\000C\000o\000d\000e}{section.2}% 3
\BOOKMARK [2][-]{subsection.2.2}{\376\377\000S\000h\000i\000f\000t\000\040\000C\000i\000r\000c\000u\000i\000t\000\040\000W\000a\000v\000e\000f\000o\000r\000m\000s}{section.2}% 4
\BOOKMARK [1][-]{section.3}{\376\377\000N\000o\000t\000\040\000C\000i\000r\000c\000u\000i\000t}{}% 5
\BOOKMARK [2][-]{subsection.3.1}{\376\377\000N\000o\000t\000\040\000C\000i\000r\000c\000u\000i\000t\000\040\000V\000e\000r\000i\000l\000o\000g\000\040\000C\000o\000d\000e}{section.3}% 6
\BOOKMARK [2][-]{subsection.3.2}{\376\377\000N\000o\000t\000\040\000C\000i\000r\000c\000u\000i\000t\000\040\000W\000a\000v\000e\000f\000o\000r\000m}{section.3}% 7
\BOOKMARK [1][-]{section.4}{\376\377\000A\000n\000d\000\040\000C\000i\000r\000c\000u\000i\000t}{}% 8
\BOOKMARK [2][-]{subsection.4.1}{\376\377\000A\000n\000d\000\040\000C\000i\000r\000c\000u\000i\000t\000\040\000V\000e\000r\000i\000l\000o\000g\000\040\000C\000o\000d\000e}{section.4}% 9
\BOOKMARK [2][-]{subsection.4.2}{\376\377\000A\000n\000d\000\040\000C\000i\000r\000c\000u\000i\000t\000\040\000W\000a\000v\000e\000f\000o\000r\000m}{section.4}% 10
\BOOKMARK [1][-]{section.5}{\376\377\000N\000a\000n\000d\000\040\000C\000i\000r\000c\000u\000i\000t}{}% 11
\BOOKMARK [2][-]{subsection.5.1}{\376\377\000N\000a\000n\000a\000d\000\040\000C\000i\000r\000c\000u\000i\000t\000\040\000V\000e\000r\000i\000l\000o\000g\000\040\000C\000o\000d\000e}{section.5}% 12
\BOOKMARK [2][-]{subsection.5.2}{\376\377\000N\000a\000n\000d\000\040\000C\000i\000r\000c\000u\000i\000t\000\040\000W\000a\000v\000e\000f\000o\000r\000m}{section.5}% 13
\BOOKMARK [1][-]{section.6}{\376\377\000O\000r\000\040\000C\000i\000r\000c\000u\000i\000t}{}% 14
\BOOKMARK [2][-]{subsection.6.1}{\376\377\000O\000r\000\040\000C\000i\000r\000c\000u\000i\000t\000\040\000V\000e\000r\000i\000l\000o\000g\000\040\000C\000o\000d\000e}{section.6}% 15
\BOOKMARK [2][-]{subsection.6.2}{\376\377\000O\000r\000\040\000C\000i\000r\000c\000u\000i\000t\000\040\000W\000a\000v\000e\000f\000o\000r\000m}{section.6}% 16
\BOOKMARK [1][-]{section.7}{\376\377\000N\000o\000r\000\040\000C\000i\000r\000c\000u\000i\000t}{}% 17
\BOOKMARK [2][-]{subsection.7.1}{\376\377\000N\000o\000r\000\040\000C\000i\000r\000c\000u\000i\000t\000\040\000V\000e\000r\000i\000l\000o\000g\000\040\000C\000o\000d\000e}{section.7}% 18
\BOOKMARK [2][-]{subsection.7.2}{\376\377\000N\000o\000r\000\040\000C\000i\000r\000c\000u\000i\000t\000\040\000W\000a\000v\000e\000f\000o\000r\000m}{section.7}% 19
\BOOKMARK [1][-]{section.8}{\376\377\000X\000o\000r\000\040\000C\000i\000r\000c\000u\000i\000t}{}% 20
\BOOKMARK [2][-]{subsection.8.1}{\376\377\000X\000o\000r\000\040\000C\000i\000r\000c\000u\000i\000t\000\040\000W\000a\000v\000e\000f\000o\000r\000m}{section.8}% 21
\BOOKMARK [1][-]{section.9}{\376\377\000X\000N\000o\000r\000\040\000C\000i\000r\000c\000u\000i\000t}{}% 22
\BOOKMARK [2][-]{subsection.9.1}{\376\377\000X\000n\000o\000r\000\040\000C\000i\000r\000c\000u\000i\000t\000\040\000W\000a\000v\000e\000f\000o\000r\000m}{section.9}% 23
\BOOKMARK [1][-]{section.10}{\376\377\000A\000d\000d\000i\000t\000i\000o\000n\000\040\000C\000i\000r\000c\000u\000i\000t}{}% 24
\BOOKMARK [2][-]{subsection.10.1}{\376\377\000A\000d\000d\000i\000t\000i\000o\000n\000\040\000C\000i\000r\000c\000u\000i\000t\000\040\000W\000a\000v\000e\000f\000o\000r\000m}{section.10}% 25
\BOOKMARK [1][-]{section.11}{\376\377\000M\000u\000l\000t\000i\000p\000l\000i\000c\000a\000t\000i\000o\000n\000\040\000C\000i\000r\000c\000u\000i\000t}{}% 26
\BOOKMARK [2][-]{subsection.11.1}{\376\377\000M\000u\000l\000t\000i\000p\000l\000i\000c\000a\000t\000i\000o\000n\000\040\000C\000i\000r\000c\000u\000i\000t\000\040\000W\000a\000v\000e\000f\000o\000r\000m}{section.11}% 27
\BOOKMARK [1][-]{section.12}{\376\377\000S\000u\000b\000t\000r\000a\000c\000t\000i\000o\000n\000\040\000C\000i\000r\000c\000u\000i\000t}{}% 28
\BOOKMARK [2][-]{subsection.12.1}{\376\377\000S\000u\000b\000t\000r\000a\000c\000t\000i\000o\000n\000\040\000C\000i\000r\000c\000u\000i\000t\000\040\000V\000e\000r\000i\000l\000o\000g\000\040\000C\000o\000d\000e}{section.12}% 29
\BOOKMARK [2][-]{subsection.12.2}{\376\377\000S\000u\000b\000t\000r\000a\000c\000t\000i\000o\000n\000\040\000C\000i\000r\000c\000u\000i\000t\000\040\000W\000a\000v\000e\000f\000o\000r\000m}{section.12}% 30
\BOOKMARK [1][-]{section.13}{\376\377\000D\000i\000v\000i\000s\000i\000o\000n\000\040\000C\000i\000r\000c\000u\000i\000t}{}% 31
\BOOKMARK [2][-]{subsection.13.1}{\376\377\000M\000u\000l\000t\000i\000p\000l\000i\000c\000a\000t\000i\000o\000n\000\040\000C\000i\000r\000c\000u\000i\000t\000\040\000W\000a\000v\000e\000f\000o\000r\000m}{section.13}% 32
\BOOKMARK [1][-]{section.14}{\376\377\000C\000o\000n\000c\000l\000u\000s\000i\000o\000n}{}% 33
